2025-02-16 17:32:00 | DEBUG | repo=arquillian-phantom-driver | action=test | passed=true
2025-12-03 14:42:00 | WARN | repo=arquillian-phantom-driver | action=commit
2025-01-26 20:57:00 | INFO | repo=arquillian-phantom-driver | action=pull
2025-09-12 07:52:00 | WARN | repo=arquillian-phantom-driver | action=commit
2025-05-04 18:26:00 | INFO | repo=arquillian-phantom-driver | action=test | passed=true
2025-05-09 21:35:00 | WARN | repo=arquillian-phantom-driver | action=pull
2025-01-09 18:52:00 | INFO | repo=arquillian-phantom-driver | action=pull
2025-10-06 20:56:00 | INFO | repo=arquillian-phantom-driver | action=test | passed=true
2025-07-21 11:00:00 | WARN | repo=arquillian-phantom-driver | action=commit
2025-06-26 11:44:00 | INFO | repo=arquillian-phantom-driver | action=commit
2025-12-15 20:55:00 | INFO | repo=arquillian-phantom-driver | action=pull
2025-11-06 08:37:00 | WARN | repo=arquillian-phantom-driver | action=commit
2025-08-11 19:16:00 | INFO | repo=arquillian-phantom-driver | action=edit | files=1
2025-06-21 14:54:00 | INFO | repo=arquillian-phantom-driver | action=commit
2025-08-22 07:40:00 | DEBUG | repo=arquillian-phantom-driver | action=commit
2025-04-23 20:30:00 | WARN | repo=arquillian-phantom-driver | action=pull
2025-08-17 21:47:00 | DEBUG | repo=arquillian-phantom-driver | action=edit | files=5
2025-02-16 17:23:00 | DEBUG | repo=arquillian-phantom-driver | action=edit | files=5
2025-07-09 20:59:00 | WARN | repo=arquillian-phantom-driver | action=edit | files=5
2025-01-04 20:26:00 | INFO | repo=arquillian-phantom-driver | action=edit | files=1
2025-03-01 19:00:00 | INFO | repo=arquillian-phantom-driver | action=test | passed=true
2025-10-16 19:21:00 | WARN | repo=arquillian-phantom-driver | action=commit
2025-04-06 16:13:00 | WARN | repo=arquillian-phantom-driver | action=commit
2025-06-16 16:44:00 | WARN | repo=arquillian-phantom-driver | action=pull
2025-12-15 12:55:00 | INFO | repo=arquillian-phantom-driver | action=edit | files=4
2025-09-04 13:06:00 | INFO | repo=arquillian-phantom-driver | action=commit
2025-11-23 10:07:00 | WARN | repo=arquillian-phantom-driver | action=test | passed=true
2025-10-09 19:35:00 | INFO | repo=arquillian-phantom-driver | action=edit | files=2
2025-08-24 15:10:00 | INFO | repo=arquillian-phantom-driver | action=edit | files=3
2025-03-18 15:56:00 | INFO | repo=arquillian-phantom-driver | action=pull
2025-11-21 18:47:00 | DEBUG | repo=arquillian-phantom-driver | action=test | passed=true
2025-12-19 19:28:00 | INFO | repo=arquillian-phantom-driver | action=commit
2025-03-07 20:34:00 | DEBUG | repo=arquillian-phantom-driver | action=edit | files=3
2025-02-04 14:31:00 | INFO | repo=arquillian-phantom-driver | action=edit | files=5
2025-02-17 09:25:00 | WARN | repo=arquillian-phantom-driver | action=commit
2025-08-23 16:17:00 | DEBUG | repo=arquillian-phantom-driver | action=commit
2025-11-24 19:49:00 | WARN | repo=arquillian-phantom-driver | action=commit
2025-04-18 18:15:00 | DEBUG | repo=arquillian-phantom-driver | action=pull
2025-01-26 20:13:00 | INFO | repo=arquillian-phantom-driver | action=edit | files=3
2025-06-05 13:43:00 | DEBUG | repo=arquillian-phantom-driver | action=commit
